<?xml version="1.0" encoding="UTF-8"?>
<testng-results ignored="0" total="0" passed="0" failed="0" skipped="0">
  <reporter-output>
  </reporter-output>
  <suite started-at="2021-03-25T18:33:11 TRT" name="SpotifyTest" finished-at="2021-03-25T18:33:11 TRT" duration-ms="11">
    <groups>
    </groups>
    <test started-at="2021-03-25T18:33:11 TRT" name="Command line test" finished-at="2021-03-25T18:33:11 TRT" duration-ms="11">
    </test> <!-- Command line test -->
  </suite> <!-- SpotifyTest -->
</testng-results>
